<?xml version="1.0" encoding="UTF-8"?>
<!-- Generated by org.testng.reporters.JUnitReportReporter -->
<testsuite hostname="DESKTOP-RG6CFTP" failures="0" tests="9" name="runner.TestRunner" time="417.027" errors="0" timestamp="2021-11-22T13:27:09 IST" skipped="0">
  <testcase classname="runner.TestRunner" name="runScenario" time="41.115"/>
  <system-out/>
  <testcase classname="runner.TestRunner" name="runScenario" time="40.756"/>
  <system-out/>
  <testcase classname="runner.TestRunner" name="runScenario" time="41.740"/>
  <system-out/>
  <testcase classname="runner.TestRunner" name="runScenario" time="41.972"/>
  <system-out/>
  <testcase classname="runner.TestRunner" name="runScenario" time="37.493"/>
  <system-out/>
  <testcase classname="runner.TestRunner" name="runScenario" time="120.893"/>
  <system-out/>
  <testcase classname="runner.TestRunner" name="runScenario" time="43.092"/>
  <system-out/>
  <testcase classname="runner.TestRunner" name="runScenario" time="24.445"/>
  <system-out/>
  <testcase classname="runner.TestRunner" name="runScenario" time="25.521"/>
  <system-out/>
</testsuite> <!-- runner.TestRunner -->
