<?xml version="1.0" encoding="UTF-8"?>
<!-- Generated by org.testng.reporters.JUnitReportReporter -->
<testsuite hostname="DESKTOP-RG6CFTP" failures="0" tests="9" name="runner.TestRunner" time="484.544" errors="0" timestamp="2021-11-26T11:19:41 IST" skipped="0">
  <testcase classname="runner.TestRunner" name="runScenario" time="59.914"/>
  <system-out/>
  <testcase classname="runner.TestRunner" name="runScenario" time="58.953"/>
  <system-out/>
  <testcase classname="runner.TestRunner" name="runScenario" time="29.027"/>
  <system-out/>
  <testcase classname="runner.TestRunner" name="runScenario" time="87.689"/>
  <system-out/>
  <testcase classname="runner.TestRunner" name="runScenario" time="52.801"/>
  <system-out/>
  <testcase classname="runner.TestRunner" name="runScenario" time="65.812"/>
  <system-out/>
  <testcase classname="runner.TestRunner" name="runScenario" time="34.200"/>
  <system-out/>
  <testcase classname="runner.TestRunner" name="runScenario" time="46.442"/>
  <system-out/>
  <testcase classname="runner.TestRunner" name="runScenario" time="49.706"/>
  <system-out/>
</testsuite> <!-- runner.TestRunner -->
